<?xml version="1.0" encoding="UTF-8"?>
<!-- Generated by org.testng.reporters.JUnitXMLReporter -->
<testsuite ignored="0" hostname="DESKTOP-2GB3AA6" failures="4" tests="4" name="Test" time="3.317" errors="0" timestamp="2023-12-26T21:18:19 IST">
  <testcase classname="day8.CreateUser" name="test_createUser" time="3.059">
    <failure type="java.lang.NullPointerException" message="Cannot invoke &amp;quot;java.lang.Integer.intValue()&amp;quot; because the return value of &amp;quot;io.restassured.internal.common.path.ObjectConverter.convertObjectTo(Object, java.lang.Class)&amp;quot; is null">
      <![CDATA[java.lang.NullPointerException: Cannot invoke "java.lang.Integer.intValue()" because the return value of "io.restassured.internal.common.path.ObjectConverter.convertObjectTo(Object, java.lang.Class)" is null
at io.restassured.path.json.JsonPath.getInt(JsonPath.java:245)
at day8.CreateUser.test_createUser(CreateUser.java:32)
at java.base/java.util.ArrayList.forEach(ArrayList.java:1511)
... Removed 27 stack frames]]>
    </failure>
  </testcase> <!-- test_createUser -->
  <testcase classname="day8.GetUser" name="test_getUser" time="0.01">
    <failure type="java.lang.NullPointerException" message="Cannot invoke &amp;quot;java.lang.Integer.intValue()&amp;quot; because the return value of &amp;quot;org.testng.ISuite.getAttribute(String)&amp;quot; is null">
      <![CDATA[java.lang.NullPointerException: Cannot invoke "java.lang.Integer.intValue()" because the return value of "org.testng.ISuite.getAttribute(String)" is null
at day8.GetUser.test_getUser(GetUser.java:10)
at java.base/java.util.ArrayList.forEach(ArrayList.java:1511)
... Removed 27 stack frames]]>
    </failure>
  </testcase> <!-- test_getUser -->
  <testcase classname="day8.UpdateUSer" name="test_updateUser" time="0.077">
    <failure type="java.lang.NullPointerException" message="Cannot invoke &amp;quot;java.lang.Integer.intValue()&amp;quot; because the return value of &amp;quot;org.testng.ITestContext.getAttribute(String)&amp;quot; is null">
      <![CDATA[java.lang.NullPointerException: Cannot invoke "java.lang.Integer.intValue()" because the return value of "org.testng.ITestContext.getAttribute(String)" is null
at day8.UpdateUSer.test_updateUser(UpdateUSer.java:23)
at java.base/java.util.ArrayList.forEach(ArrayList.java:1511)
... Removed 27 stack frames]]>
    </failure>
  </testcase> <!-- test_updateUser -->
  <testcase classname="day8.DeleteUserr" name="test_deleteUser" time="0.005">
    <failure type="java.lang.NullPointerException" message="Cannot invoke &amp;quot;java.lang.Integer.intValue()&amp;quot; because the return value of &amp;quot;org.testng.ITestContext.getAttribute(String)&amp;quot; is null">
      <![CDATA[java.lang.NullPointerException: Cannot invoke "java.lang.Integer.intValue()" because the return value of "org.testng.ITestContext.getAttribute(String)" is null
at day8.DeleteUserr.test_deleteUser(DeleteUserr.java:11)
at java.base/java.util.ArrayList.forEach(ArrayList.java:1511)
... Removed 27 stack frames]]>
    </failure>
  </testcase> <!-- test_deleteUser -->
</testsuite> <!-- Test -->
