<?xml version="1.0" encoding="UTF-8"?>
<!-- Generated by org.testng.reporters.JUnitXMLReporter -->
<testsuite ignored="0" hostname="DESKTOP-2GB3AA6" failures="1" tests="1" name="Test3" time="0.072" errors="0" timestamp="2023-12-26T21:19:52 IST">
  <testcase classname="day8.UpdateUSer" name="test_updateUser" time="0.065">
    <failure type="java.lang.NullPointerException" message="Cannot invoke &amp;quot;java.lang.Integer.intValue()&amp;quot; because the return value of &amp;quot;org.testng.ITestContext.getAttribute(String)&amp;quot; is null">
      <![CDATA[java.lang.NullPointerException: Cannot invoke "java.lang.Integer.intValue()" because the return value of "org.testng.ITestContext.getAttribute(String)" is null
at day8.UpdateUSer.test_updateUser(UpdateUSer.java:23)
at java.base/java.util.ArrayList.forEach(ArrayList.java:1511)
... Removed 27 stack frames]]>
    </failure>
  </testcase> <!-- test_updateUser -->
</testsuite> <!-- Test3 -->
