<?xml version="1.0" encoding="UTF-8"?>
<testng-results ignored="0" total="4" passed="4" failed="0" skipped="0">
  <reporter-output>
  </reporter-output>
  <suite started-at="2023-12-27T17:09:25 IST" name="PetSuite" finished-at="2023-12-27T17:09:29 IST" duration-ms="4339">
    <groups>
    </groups>
    <test started-at="2023-12-27T17:09:25 IST" name="PetTest" finished-at="2023-12-27T17:09:29 IST" duration-ms="4339">
      <class name="day3.HeadersDemo">
        <test-method signature="getHeaders()[pri:1, instance:day3.HeadersDemo@35a3d49f]" started-at="2023-12-27T17:09:29 IST" name="getHeaders" finished-at="2023-12-27T17:09:29 IST" duration-ms="451" status="PASS">
          <reporter-output>
          </reporter-output>
        </test-method> <!-- getHeaders -->
      </class> <!-- day3.HeadersDemo -->
      <class name="day3.CookiesDemo">
        <test-method signature="getCookiesInfo()[pri:0, instance:day3.CookiesDemo@2ca26d77]" started-at="2023-12-27T17:09:26 IST" name="getCookiesInfo" finished-at="2023-12-27T17:09:28 IST" duration-ms="2524" status="PASS">
          <reporter-output>
          </reporter-output>
        </test-method> <!-- getCookiesInfo -->
      </class> <!-- day3.CookiesDemo -->
      <class name="day3.LoggingDemo">
        <test-method signature="testLogs()[pri:0, instance:day3.LoggingDemo@7905a0b8]" started-at="2023-12-27T17:09:28 IST" name="testLogs" finished-at="2023-12-27T17:09:29 IST" duration-ms="249" status="PASS">
          <reporter-output>
          </reporter-output>
        </test-method> <!-- testLogs -->
      </class> <!-- day3.LoggingDemo -->
      <class name="day3.PathAndQueryParameters">
        <test-method signature="testQueryAndPathParameters()[pri:0, instance:day3.PathAndQueryParameters@389b0789]" started-at="2023-12-27T17:09:29 IST" name="testQueryAndPathParameters" finished-at="2023-12-27T17:09:29 IST" duration-ms="331" status="PASS">
          <reporter-output>
          </reporter-output>
        </test-method> <!-- testQueryAndPathParameters -->
      </class> <!-- day3.PathAndQueryParameters -->
    </test> <!-- PetTest -->
  </suite> <!-- PetSuite -->
</testng-results>
