<?xml version="1.0" encoding="UTF-8"?>
<testsuite xmlns:xsi="http://www.w3.org/2001/XMLSchema-instance" xsi:noNamespaceSchemaLocation="https://maven.apache.org/surefire/maven-surefire-plugin/xsd/surefire-test-report-3.0.xsd" version="3.0" name="TestSuite" time="5.687" tests="4" errors="0" skipped="0" failures="0">
  <properties>
[...]
</properties>
  <testcase name="getCookiesInfo" classname="day3.CookiesDemo" time="2.516">
    <system-out><![CDATA[2023-12-27 17:09:25,351 ERROR DefaultRolloverStrategy contains an invalid element or attribute "Delete"
AEC: Ackid1SCE3zScaCiyyrBjAoQLSg-HbMFgj_LBEvtPYDEPJMRFuWvUY6U4w
1P_JAR : 2023-12-27-11
AEC : Ackid1SCE3zScaCiyyrBjAoQLSg-HbMFgj_LBEvtPYDEPJMRFuWvUY6U4w
NID : 511=JsWmaz4qF5JAVNcsOQfrjqd1D1bbzncnBVw_awacNyxc2w6xndWFaRhyrRAGnmsTPLZflNKxvb4t4QfZyxZAa8zm6w7oJYyl73gULNx2h12KDzwSirfzF0jZ3wB9UdPqMr5Djs4Ilex52vtc3aEyL2wU1YONjcIZ4ADqZeICQFc
]]></system-out>
    <system-err><![CDATA[SLF4J: Failed to load class "org.slf4j.impl.StaticLoggerBinder".
SLF4J: Defaulting to no-operation (NOP) logger implementation
SLF4J: See http://www.slf4j.org/codes.html#StaticLoggerBinder for further details.
]]></system-err>
  </testcase>
  <testcase name="testLogs" classname="day3.LoggingDemo" time="0.264">
    <system-out><![CDATA[HTTP/1.1 200 OK
Date: Wed, 27 Dec 2023 11:39:28 GMT
Content-Type: application/json; charset=utf-8
Transfer-Encoding: chunked
Connection: keep-alive
Report-To: {"group":"heroku-nel","max_age":3600,"endpoints":[{"url":"https://nel.heroku.com/reports?ts=1703315890&sid=c4c9725f-1ab0-44d8-820f-430df2718e11&s=dr2p%2Fz%2Bh1V03dxmcHVrnowkqNqvsTclCA8soV1TvTGo%3D"}]}
Reporting-Endpoints: heroku-nel=https://nel.heroku.com/reports?ts=1703315890&sid=c4c9725f-1ab0-44d8-820f-430df2718e11&s=dr2p%2Fz%2Bh1V03dxmcHVrnowkqNqvsTclCA8soV1TvTGo%3D
Nel: {"report_to":"heroku-nel","max_age":3600,"success_fraction":0.005,"failure_fraction":0.05,"response_headers":["Via"]}
X-Powered-By: Express
Access-Control-Allow-Origin: *
Etag: W/"406-ut0vzoCuidvyMf8arZpMpJ6ZRDw"
Via: 1.1 vegur
Cache-Control: max-age=14400
CF-Cache-Status: HIT
Age: 6387
Vary: Accept-Encoding
Server: cloudflare
CF-RAY: 83c1487f39cf84dd-BOM
Content-Encoding: gzip

{
    "page": 2,
    "per_page": 6,
    "total": 12,
    "total_pages": 2,
    "data": [
        {
            "id": 7,
            "email": "michael.lawson@reqres.in",
            "first_name": "Michael",
            "last_name": "Lawson",
            "avatar": "https://reqres.in/img/faces/7-image.jpg"
        },
        {
            "id": 8,
            "email": "lindsay.ferguson@reqres.in",
            "first_name": "Lindsay",
            "last_name": "Ferguson",
            "avatar": "https://reqres.in/img/faces/8-image.jpg"
        },
        {
            "id": 9,
            "email": "tobias.funke@reqres.in",
            "first_name": "Tobias",
            "last_name": "Funke",
            "avatar": "https://reqres.in/img/faces/9-image.jpg"
        },
        {
            "id": 10,
            "email": "byron.fields@reqres.in",
            "first_name": "Byron",
            "last_name": "Fields",
            "avatar": "https://reqres.in/img/faces/10-image.jpg"
        },
        {
            "id": 11,
            "email": "george.edwards@reqres.in",
            "first_name": "George",
            "last_name": "Edwards",
            "avatar": "https://reqres.in/img/faces/11-image.jpg"
        },
        {
            "id": 12,
            "email": "rachel.howell@reqres.in",
            "first_name": "Rachel",
            "last_name": "Howell",
            "avatar": "https://reqres.in/img/faces/12-image.jpg"
        }
    ],
    "support": {
        "url": "https://reqres.in/#support-heading",
        "text": "To keep ReqRes free, contributions towards server costs are appreciated!"
    }
}
]]></system-out>
  </testcase>
  <testcase name="getHeaders" classname="day3.HeadersDemo" time="0.445">
    <system-out><![CDATA[Header server :gws
Date : Wed, 27 Dec 2023 11:39:28 GMT
Expires : -1
Cache-Control : private, max-age=0
Content-Type : text/html; charset=ISO-8859-1
Content-Security-Policy-Report-Only : object-src 'none';base-uri 'self';script-src 'nonce-RV8P5nrDWcQVDcMz1RnORg' 'strict-dynamic' 'report-sample' 'unsafe-eval' 'unsafe-inline' https: http:;report-uri https://csp.withgoogle.com/csp/gws/other-hp
P3P : CP="This is not a P3P policy! See g.co/p3phelp for more info."
Content-Encoding : gzip
Server : gws
X-XSS-Protection : 0
X-Frame-Options : SAMEORIGIN
Set-Cookie : 1P_JAR=2023-12-27-11; expires=Fri, 26-Jan-2024 11:39:28 GMT; path=/; domain=.google.com; Secure
Set-Cookie : AEC=Ackid1S2JHvRWjDIwkaE1yjeuBLJDKsyWwd-M3wgPsXDRUnw_m20BhPvkg; expires=Mon, 24-Jun-2024 11:39:28 GMT; path=/; domain=.google.com; Secure; HttpOnly; SameSite=lax
Set-Cookie : NID=511=cYL7Z1_PB6F98NQuBOu5XZMOPJpt23O4zgkQraek9GieRHSgRODkjnEpjSstlICBz0jbCVLFM4ePtRnfF1e0t4HrEk5ef0F1JMi87janyyBeLeHHs3IPj0lnvEWTTGsXdJndcCzcjCvH__AZ34YOD7TKC1paV40M0sUgOrxFO2o; expires=Thu, 27-Jun-2024 11:39:28 GMT; path=/; domain=.google.com; HttpOnly
Alt-Svc : h3=":443"; ma=2592000,h3-29=":443"; ma=2592000
Transfer-Encoding : chunked
]]></system-out>
  </testcase>
  <testcase name="testQueryAndPathParameters" classname="day3.PathAndQueryParameters" time="0.337">
    <system-out><![CDATA[HTTP/1.1 200 OK
Date: Wed, 27 Dec 2023 11:39:29 GMT
Content-Type: application/json; charset=utf-8
Transfer-Encoding: chunked
Connection: keep-alive
Report-To: {"group":"heroku-nel","max_age":3600,"endpoints":[{"url":"https://nel.heroku.com/reports?ts=1703670925&sid=c4c9725f-1ab0-44d8-820f-430df2718e11&s=F3p%2B6d0EazHXgbXWBCJzQWaoskOKKONFAbO3gZ106LM%3D"}]}
Reporting-Endpoints: heroku-nel=https://nel.heroku.com/reports?ts=1703670925&sid=c4c9725f-1ab0-44d8-820f-430df2718e11&s=F3p%2B6d0EazHXgbXWBCJzQWaoskOKKONFAbO3gZ106LM%3D
Nel: {"report_to":"heroku-nel","max_age":3600,"success_fraction":0.005,"failure_fraction":0.05,"response_headers":["Via"]}
X-Powered-By: Express
Access-Control-Allow-Origin: *
Etag: W/"11c-fbAvBCQSZgUU6dvLRqxYG0dwUTM"
Via: 1.1 vegur
Cache-Control: max-age=14400
CF-Cache-Status: HIT
Age: 6244
Vary: Accept-Encoding
Server: cloudflare
CF-RAY: 83c148844e2f9e29-SIN
Content-Encoding: gzip

{
    "data": {
        "id": 5,
        "email": "charles.morris@reqres.in",
        "first_name": "Charles",
        "last_name": "Morris",
        "avatar": "https://reqres.in/img/faces/5-image.jpg"
    },
    "support": {
        "url": "https://reqres.in/#support-heading",
        "text": "To keep ReqRes free, contributions towards server costs are appreciated!"
    }
}
]]></system-out>
  </testcase>
</testsuite>