<?xml version="1.0" encoding="UTF-8"?>
<testng-results ignored="0" total="1" passed="1" failed="0" skipped="0">
  <reporter-output>
  </reporter-output>
  <suite started-at="2023-12-27T06:10:15 IST" name="Default suite" finished-at="2023-12-27T06:10:18 IST" duration-ms="3132">
    <groups>
    </groups>
    <test started-at="2023-12-27T06:10:15 IST" name="Default test" finished-at="2023-12-27T06:10:18 IST" duration-ms="3132">
      <class name="day3.CookiesDemo">
        <test-method signature="getCookiesInfo()[pri:0, instance:day3.CookiesDemo@1acaf3d]" started-at="2023-12-27T06:10:15 IST" name="getCookiesInfo" finished-at="2023-12-27T06:10:18 IST" duration-ms="3057" status="PASS">
          <reporter-output>
          </reporter-output>
        </test-method> <!-- getCookiesInfo -->
      </class> <!-- day3.CookiesDemo -->
    </test> <!-- Default test -->
  </suite> <!-- Default suite -->
</testng-results>
