<?xml version="1.0" encoding="UTF-8"?>
<!-- Generated by org.testng.reporters.JUnitXMLReporter -->
<testsuite ignored="0" hostname="DESKTOP-2GB3AA6" failures="0" tests="4" name="PetTest" time="4.339" errors="0" timestamp="2023-12-27T17:09:30 IST">
  <testcase classname="day3.CookiesDemo" name="getCookiesInfo" time="2.524"/>
  <testcase classname="day3.LoggingDemo" name="testLogs" time="0.249"/>
  <testcase classname="day3.HeadersDemo" name="getHeaders" time="0.451"/>
  <testcase classname="day3.PathAndQueryParameters" name="testQueryAndPathParameters" time="0.331"/>
</testsuite> <!-- PetTest -->
