<?xml version="1.0" encoding="UTF-8"?>
<!-- Generated by org.testng.reporters.JUnitXMLReporter -->
<testsuite ignored="0" hostname="DESKTOP-2GB3AA6" failures="0" tests="4" name="PetTest" time="4.236" errors="0" timestamp="2023-12-26T21:29:55 IST">
  <testcase classname="day3.CookiesDemo" name="getCookiesInfo" time="2.811"/>
  <testcase classname="day3.LoggingDemo" name="testLogs" time="0.314"/>
  <testcase classname="day3.HeadersDemo" name="getHeaders" time="0.351"/>
  <testcase classname="day3.PathAndQueryParameters" name="testQueryAndPathParameters" time="0.174"/>
</testsuite> <!-- PetTest -->
